# JRE version: OpenJDK Runtime Environment (8.0_152-b01) (build 1.8.0_152-release-1248-b01)
# Java VM: OpenJDK 64-Bit Server VM (25.152-b01 mixed mode windows-amd64 compressed oops)
Heap:
 PSYoungGen      total 399872K, used 113593K [0x00000000e0000000, 0x0000000100000000, 0x0000000100000000)
  eden space 291328K, 21% used [0x00000000e0000000,0x00000000e3bde660,0x00000000f1c80000)
  from space 108544K, 48% used [0x00000000f1c80000,0x00000000f4f90010,0x00000000f8680000)
  to   space 110080K, 0% used [0x00000000f9480000,0x00000000f9480000,0x0000000100000000)
 ParOldGen       total 706048K, used 323118K [0x00000000a0000000, 0x00000000cb180000, 0x00000000e0000000)
  object space 706048K, 45% used [0x00000000a0000000,0x00000000b3b8ba40,0x00000000cb180000)
 Metaspace       used 162028K, capacity 168768K, committed 168780K, reserved 1198080K
  class space    used 18790K, capacity 20088K, committed 20096K, reserved 1048576K
GC Heap History (10 events):
Event: 652.800 GC heap before
{Heap before GC invocations=104 (full 7):
 PSYoungGen      total 387584K, used 266254K [0x00000000e0000000, 0x00000000ffa00000, 0x0000000100000000)
  eden space 264192K, 99% used [0x00000000e0000000,0x00000000f0197f80,0x00000000f0200000)
  from space 123392K, 2% used [0x00000000f8180000,0x00000000f83eba08,0x00000000ffa00000)
  to   space 126976K, 0% used [0x00000000f0200000,0x00000000f0200000,0x00000000f7e00000)
 ParOldGen       total 706048K, used 307233K [0x00000000a0000000, 0x00000000cb180000, 0x00000000e0000000)
  object space 706048K, 43% used [0x00000000a0000000,0x00000000b2c08460,0x00000000cb180000)
 Metaspace       used 157353K, capacity 163532K, committed 163788K, reserved 1193984K
  class space    used 18210K, capacity 19390K, committed 19456K, reserved 1048576K
Event: 652.806 GC heap after
Heap after GC invocations=104 (full 7):
 PSYoungGen      total 391168K, used 8567K [0x00000000e0000000, 0x00000000ffa80000, 0x0000000100000000)
  eden space 264192K, 0% used [0x00000000e0000000,0x00000000e0000000,0x00000000f0200000)
  from space 126976K, 6% used [0x00000000f0200000,0x00000000f0a5dc78,0x00000000f7e00000)
  to   space 122368K, 0% used [0x00000000f8300000,0x00000000f8300000,0x00000000ffa80000)
 ParOldGen       total 706048K, used 309081K [0x00000000a0000000, 0x00000000cb180000, 0x00000000e0000000)
  object space 706048K, 43% used [0x00000000a0000000,0x00000000b2dd6700,0x00000000cb180000)
 Metaspace       used 157353K, capacity 163532K, committed 163788K, reserved 1193984K
  class space    used 18210K, capacity 19390K, committed 19456K, reserved 1048576K
}
Event: 652.839 GC heap before
{Heap before GC invocations=105 (full 7):
 PSYoungGen      total 391168K, used 272227K [0x00000000e0000000, 0x00000000ffa80000, 0x0000000100000000)
  eden space 264192K, 99% used [0x00000000e0000000,0x00000000f017b330,0x00000000f0200000)
  from space 126976K, 6% used [0x00000000f0200000,0x00000000f0a5dc78,0x00000000f7e00000)
  to   space 122368K, 0% used [0x00000000f8300000,0x00000000f8300000,0x00000000ffa80000)
 ParOldGen       total 706048K, used 309081K [0x00000000a0000000, 0x00000000cb180000, 0x00000000e0000000)
  object space 706048K, 43% used [0x00000000a0000000,0x00000000b2dd6700,0x00000000cb180000)
 Metaspace       used 157353K, capacity 163532K, committed 163788K, reserved 1193984K
  class space    used 18210K, capacity 19390K, committed 19456K, reserved 1048576K
Event: 652.845 GC heap after
Heap after GC invocations=105 (full 7):
 PSYoungGen      total 392192K, used 64K [0x00000000e0000000, 0x00000000ff580000, 0x0000000100000000)
  eden space 274944K, 0% used [0x00000000e0000000,0x00000000e0000000,0x00000000f0c80000)
  from space 117248K, 0% used [0x00000000f8300000,0x00000000f8310000,0x00000000ff580000)
  to   space 119296K, 0% used [0x00000000f0c80000,0x00000000f0c80000,0x00000000f8100000)
 ParOldGen       total 706048K, used 314412K [0x00000000a0000000, 0x00000000cb180000, 0x00000000e0000000)
  object space 706048K, 44% used [0x00000000a0000000,0x00000000b330b228,0x00000000cb180000)
 Metaspace       used 157353K, capacity 163532K, committed 163788K, reserved 1193984K
  class space    used 18210K, capacity 19390K, committed 19456K, reserved 1048576K
}
Event: 699.906 GC heap before
{Heap before GC invocations=106 (full 7):
 PSYoungGen      total 392192K, used 275008K [0x00000000e0000000, 0x00000000ff580000, 0x0000000100000000)
  eden space 274944K, 100% used [0x00000000e0000000,0x00000000f0c80000,0x00000000f0c80000)
  from space 117248K, 0% used [0x00000000f8300000,0x00000000f8310000,0x00000000ff580000)
  to   space 119296K, 0% used [0x00000000f0c80000,0x00000000f0c80000,0x00000000f8100000)
 ParOldGen       total 706048K, used 314412K [0x00000000a0000000, 0x00000000cb180000, 0x00000000e0000000)
  object space 706048K, 44% used [0x00000000a0000000,0x00000000b330b228,0x00000000cb180000)
 Metaspace       used 160580K, capacity 167078K, committed 167244K, reserved 1196032K
  class space    used 18570K, capacity 19829K, committed 19840K, reserved 1048576K
Event: 699.913 GC heap after
Heap after GC invocations=106 (full 7):
 PSYoungGen      total 394240K, used 9555K [0x00000000e0000000, 0x00000000ff700000, 0x0000000100000000)
  eden space 274944K, 0% used [0x00000000e0000000,0x00000000e0000000,0x00000000f0c80000)
  from space 119296K, 8% used [0x00000000f0c80000,0x00000000f15d4ef0,0x00000000f8100000)
  to   space 113664K, 0% used [0x00000000f8800000,0x00000000f8800000,0x00000000ff700000)
 ParOldGen       total 706048K, used 314452K [0x00000000a0000000, 0x00000000cb180000, 0x00000000e0000000)
  object space 706048K, 44% used [0x00000000a0000000,0x00000000b3315228,0x00000000cb180000)
 Metaspace       used 160580K, capacity 167078K, committed 167244K, reserved 1196032K
  class space    used 18570K, capacity 19829K, committed 19840K, reserved 1048576K
}
Event: 875.578 GC heap before
{Heap before GC invocations=107 (full 7):
 PSYoungGen      total 394240K, used 284499K [0x00000000e0000000, 0x00000000ff700000, 0x0000000100000000)
  eden space 274944K, 100% used [0x00000000e0000000,0x00000000f0c80000,0x00000000f0c80000)
  from space 119296K, 8% used [0x00000000f0c80000,0x00000000f15d4ef0,0x00000000f8100000)
  to   space 113664K, 0% used [0x00000000f8800000,0x00000000f8800000,0x00000000ff700000)
 ParOldGen       total 706048K, used 314452K [0x00000000a0000000, 0x00000000cb180000, 0x00000000e0000000)
  object space 706048K, 44% used [0x00000000a0000000,0x00000000b3315228,0x00000000cb180000)
 Metaspace       used 161934K, capacity 168630K, committed 168780K, reserved 1198080K
  class space    used 18775K, capacity 20065K, committed 20096K, reserved 1048576K
Event: 875.589 GC heap after
Heap after GC invocations=107 (full 7):
 PSYoungGen      total 398336K, used 8448K [0x00000000e0000000, 0x00000000ff080000, 0x0000000100000000)
  eden space 291328K, 0% used [0x00000000e0000000,0x00000000e0000000,0x00000000f1c80000)
  from space 107008K, 7% used [0x00000000f8800000,0x00000000f9040090,0x00000000ff080000)
  to   space 108544K, 0% used [0x00000000f1c80000,0x00000000f1c80000,0x00000000f8680000)
 ParOldGen       total 706048K, used 317076K [0x00000000a0000000, 0x00000000cb180000, 0x00000000e0000000)
  object space 706048K, 44% used [0x00000000a0000000,0x00000000b35a51c8,0x00000000cb180000)
 Metaspace       used 161934K, capacity 168630K, committed 168780K, reserved 1198080K
  class space    used 18775K, capacity 20065K, committed 20096K, reserved 1048576K
}
Event: 878.121 GC heap before
{Heap before GC invocations=108 (full 7):
 PSYoungGen      total 398336K, used 299776K [0x00000000e0000000, 0x00000000ff080000, 0x0000000100000000)
  eden space 291328K, 100% used [0x00000000e0000000,0x00000000f1c80000,0x00000000f1c80000)
  from space 107008K, 7% used [0x00000000f8800000,0x00000000f9040090,0x00000000ff080000)
  to   space 108544K, 0% used [0x00000000f1c80000,0x00000000f1c80000,0x00000000f8680000)
 ParOldGen       total 706048K, used 317076K [0x00000000a0000000, 0x00000000cb180000, 0x00000000e0000000)
  object space 706048K, 44% used [0x00000000a0000000,0x00000000b35a51c8,0x00000000cb180000)
 Metaspace       used 162014K, capacity 168768K, committed 168780K, reserved 1198080K
  class space    used 18788K, capacity 20088K, committed 20096K, reserved 1048576K
Event: 878.141 GC heap after
Heap after GC invocations=108 (full 7):
 PSYoungGen      total 399872K, used 52288K [0x00000000e0000000, 0x0000000100000000, 0x0000000100000000)
  eden space 291328K, 0% used [0x00000000e0000000,0x00000000e0000000,0x00000000f1c80000)
  from space 108544K, 48% used [0x00000000f1c80000,0x00000000f4f90010,0x00000000f8680000)
  to   space 110080K, 0% used [0x00000000f9480000,0x00000000f9480000,0x0000000100000000)
 ParOldGen       total 706048K, used 323118K [0x00000000a0000000, 0x00000000cb180000, 0x00000000e0000000)
  object space 706048K, 45% used [0x00000000a0000000,0x00000000b3b8ba40,0x00000000cb180000)
 Metaspace       used 162014K, capacity 168768K, committed 168780K, reserved 1198080K
  class space    used 18788K, capacity 20088K, committed 20096K, reserved 1048576K
}

