# JRE version: OpenJDK Runtime Environment (8.0_152-b01) (build 1.8.0_152-release-1248-b01)
# Java VM: OpenJDK 64-Bit Server VM (25.152-b01 mixed mode windows-amd64 compressed oops)
Heap:
 PSYoungGen      total 399872K, used 186542K [0x00000000e0000000, 0x00000000ff680000, 0x0000000100000000)
  eden space 292352K, 45% used [0x00000000e0000000,0x00000000e81d37a0,0x00000000f1d80000)
  from space 107520K, 49% used [0x00000000f8d80000,0x00000000fc1d8170,0x00000000ff680000)
  to   space 111104K, 0% used [0x00000000f1d80000,0x00000000f1d80000,0x00000000f8a00000)
 ParOldGen       total 731648K, used 234563K [0x00000000a0000000, 0x00000000cca80000, 0x00000000e0000000)
  object space 731648K, 32% used [0x00000000a0000000,0x00000000ae510ea8,0x00000000cca80000)
 Metaspace       used 195880K, capacity 203844K, committed 204416K, reserved 1228800K
  class space    used 22822K, capacity 24343K, committed 24448K, reserved 1048576K
GC Heap History (10 events):
Event: 1620.078 GC heap before
{Heap before GC invocations=101 (full 8):
 PSYoungGen      total 385024K, used 366583K [0x00000000e0000000, 0x0000000100000000, 0x0000000100000000)
  eden space 269312K, 100% used [0x00000000e0000000,0x00000000f0700000,0x00000000f0700000)
  from space 115712K, 84% used [0x00000000f8a80000,0x00000000fe97de28,0x00000000ffb80000)
  to   space 127488K, 0% used [0x00000000f0700000,0x00000000f0700000,0x00000000f8380000)
 ParOldGen       total 593920K, used 455126K [0x00000000a0000000, 0x00000000c4400000, 0x00000000e0000000)
  object space 593920K, 76% used [0x00000000a0000000,0x00000000bbc759d0,0x00000000c4400000)
 Metaspace       used 190627K, capacity 198372K, committed 198656K, reserved 1224704K
  class space    used 22253K, capacity 23757K, committed 23808K, reserved 1048576K
Event: 1620.099 GC heap after
Heap after GC invocations=101 (full 8):
 PSYoungGen      total 396800K, used 49047K [0x00000000e0000000, 0x00000000ffd80000, 0x0000000100000000)
  eden space 269312K, 0% used [0x00000000e0000000,0x00000000e0000000,0x00000000f0700000)
  from space 127488K, 38% used [0x00000000f0700000,0x00000000f36e5d68,0x00000000f8380000)
  to   space 120320K, 0% used [0x00000000f8800000,0x00000000f8800000,0x00000000ffd80000)
 ParOldGen       total 593920K, used 467030K [0x00000000a0000000, 0x00000000c4400000, 0x00000000e0000000)
  object space 593920K, 78% used [0x00000000a0000000,0x00000000bc815888,0x00000000c4400000)
 Metaspace       used 190627K, capacity 198372K, committed 198656K, reserved 1224704K
  class space    used 22253K, capacity 23757K, committed 23808K, reserved 1048576K
}
Event: 1622.504 GC heap before
{Heap before GC invocations=102 (full 8):
 PSYoungGen      total 396800K, used 318359K [0x00000000e0000000, 0x00000000ffd80000, 0x0000000100000000)
  eden space 269312K, 100% used [0x00000000e0000000,0x00000000f0700000,0x00000000f0700000)
  from space 127488K, 38% used [0x00000000f0700000,0x00000000f36e5d68,0x00000000f8380000)
  to   space 120320K, 0% used [0x00000000f8800000,0x00000000f8800000,0x00000000ffd80000)
 ParOldGen       total 593920K, used 467030K [0x00000000a0000000, 0x00000000c4400000, 0x00000000e0000000)
  object space 593920K, 78% used [0x00000000a0000000,0x00000000bc815888,0x00000000c4400000)
 Metaspace       used 190768K, capacity 198732K, committed 198912K, reserved 1224704K
  class space    used 22275K, capacity 23797K, committed 23808K, reserved 1048576K
Event: 1622.537 GC heap after
Heap after GC invocations=102 (full 8):
 PSYoungGen      total 380928K, used 44226K [0x00000000e0000000, 0x00000000fee00000, 0x0000000100000000)
  eden space 276480K, 0% used [0x00000000e0000000,0x00000000e0000000,0x00000000f0e00000)
  from space 104448K, 42% used [0x00000000f8800000,0x00000000fb330b58,0x00000000fee00000)
  to   space 114688K, 0% used [0x00000000f0e00000,0x00000000f0e00000,0x00000000f7e00000)
 ParOldGen       total 593920K, used 493916K [0x00000000a0000000, 0x00000000c4400000, 0x00000000e0000000)
  object space 593920K, 83% used [0x00000000a0000000,0x00000000be2572e8,0x00000000c4400000)
 Metaspace       used 190768K, capacity 198732K, committed 198912K, reserved 1224704K
  class space    used 22275K, capacity 23797K, committed 23808K, reserved 1048576K
}
Event: 1623.348 GC heap before
{Heap before GC invocations=103 (full 8):
 PSYoungGen      total 380928K, used 320706K [0x00000000e0000000, 0x00000000fee00000, 0x0000000100000000)
  eden space 276480K, 100% used [0x00000000e0000000,0x00000000f0e00000,0x00000000f0e00000)
  from space 104448K, 42% used [0x00000000f8800000,0x00000000fb330b58,0x00000000fee00000)
  to   space 114688K, 0% used [0x00000000f0e00000,0x00000000f0e00000,0x00000000f7e00000)
 ParOldGen       total 593920K, used 493916K [0x00000000a0000000, 0x00000000c4400000, 0x00000000e0000000)
  object space 593920K, 83% used [0x00000000a0000000,0x00000000be2572e8,0x00000000c4400000)
 Metaspace       used 195988K, capacity 204060K, committed 204416K, reserved 1228800K
  class space    used 22848K, capacity 24393K, committed 24448K, reserved 1048576K
Event: 1623.381 GC heap after
Heap after GC invocations=103 (full 8):
 PSYoungGen      total 391168K, used 74967K [0x00000000e0000000, 0x0000000100000000, 0x0000000100000000)
  eden space 276480K, 0% used [0x00000000e0000000,0x00000000e0000000,0x00000000f0e00000)
  from space 114688K, 65% used [0x00000000f0e00000,0x00000000f5735eb0,0x00000000f7e00000)
  to   space 117248K, 0% used [0x00000000f8d80000,0x00000000f8d80000,0x0000000100000000)
 ParOldGen       total 593920K, used 537443K [0x00000000a0000000, 0x00000000c4400000, 0x00000000e0000000)
  object space 593920K, 90% used [0x00000000a0000000,0x00000000c0cd8d98,0x00000000c4400000)
 Metaspace       used 195988K, capacity 204060K, committed 204416K, reserved 1228800K
  class space    used 22848K, capacity 24393K, committed 24448K, reserved 1048576K
}
Event: 1623.381 GC heap before
{Heap before GC invocations=104 (full 9):
 PSYoungGen      total 391168K, used 74967K [0x00000000e0000000, 0x0000000100000000, 0x0000000100000000)
  eden space 276480K, 0% used [0x00000000e0000000,0x00000000e0000000,0x00000000f0e00000)
  from space 114688K, 65% used [0x00000000f0e00000,0x00000000f5735eb0,0x00000000f7e00000)
  to   space 117248K, 0% used [0x00000000f8d80000,0x00000000f8d80000,0x0000000100000000)
 ParOldGen       total 593920K, used 537443K [0x00000000a0000000, 0x00000000c4400000, 0x00000000e0000000)
  object space 593920K, 90% used [0x00000000a0000000,0x00000000c0cd8d98,0x00000000c4400000)
 Metaspace       used 195988K, capacity 204060K, committed 204416K, reserved 1228800K
  class space    used 22848K, capacity 24393K, committed 24448K, reserved 1048576K
Event: 1623.734 GC heap after
Heap after GC invocations=104 (full 9):
 PSYoungGen      total 391168K, used 0K [0x00000000e0000000, 0x0000000100000000, 0x0000000100000000)
  eden space 276480K, 0% used [0x00000000e0000000,0x00000000e0000000,0x00000000f0e00000)
  from space 114688K, 0% used [0x00000000f0e00000,0x00000000f0e00000,0x00000000f7e00000)
  to   space 117248K, 0% used [0x00000000f8d80000,0x00000000f8d80000,0x0000000100000000)
 ParOldGen       total 731648K, used 234555K [0x00000000a0000000, 0x00000000cca80000, 0x00000000e0000000)
  object space 731648K, 32% used [0x00000000a0000000,0x00000000ae50eea8,0x00000000cca80000)
 Metaspace       used 195810K, capacity 203762K, committed 204416K, reserved 1228800K
  class space    used 22815K, capacity 24330K, committed 24448K, reserved 1048576K
}
Event: 1624.505 GC heap before
{Heap before GC invocations=105 (full 9):
 PSYoungGen      total 391168K, used 276480K [0x00000000e0000000, 0x0000000100000000, 0x0000000100000000)
  eden space 276480K, 100% used [0x00000000e0000000,0x00000000f0e00000,0x00000000f0e00000)
  from space 114688K, 0% used [0x00000000f0e00000,0x00000000f0e00000,0x00000000f7e00000)
  to   space 117248K, 0% used [0x00000000f8d80000,0x00000000f8d80000,0x0000000100000000)
 ParOldGen       total 731648K, used 234555K [0x00000000a0000000, 0x00000000cca80000, 0x00000000e0000000)
  object space 731648K, 32% used [0x00000000a0000000,0x00000000ae50eea8,0x00000000cca80000)
 Metaspace       used 195836K, capacity 203762K, committed 204416K, reserved 1228800K
  class space    used 22815K, capacity 24330K, committed 24448K, reserved 1048576K
Event: 1624.540 GC heap after
Heap after GC invocations=105 (full 9):
 PSYoungGen      total 399872K, used 53600K [0x00000000e0000000, 0x00000000ff680000, 0x0000000100000000)
  eden space 292352K, 0% used [0x00000000e0000000,0x00000000e0000000,0x00000000f1d80000)
  from space 107520K, 49% used [0x00000000f8d80000,0x00000000fc1d8170,0x00000000ff680000)
  to   space 111104K, 0% used [0x00000000f1d80000,0x00000000f1d80000,0x00000000f8a00000)
 ParOldGen       total 731648K, used 234563K [0x00000000a0000000, 0x00000000cca80000, 0x00000000e0000000)
  object space 731648K, 32% used [0x00000000a0000000,0x00000000ae510ea8,0x00000000cca80000)
 Metaspace       used 195836K, capacity 203762K, committed 204416K, reserved 1228800K
  class space    used 22815K, capacity 24330K, committed 24448K, reserved 1048576K
}

