# JRE version: OpenJDK Runtime Environment (8.0_152-b01) (build 1.8.0_152-release-1248-b01)
# Java VM: OpenJDK 64-Bit Server VM (25.152-b01 mixed mode windows-amd64 compressed oops)
Heap:
 PSYoungGen      total 251904K, used 76434K [0x00000000e0000000, 0x00000000ff100000, 0x0000000100000000)
  eden space 219648K, 20% used [0x00000000e0000000,0x00000000e2b384b0,0x00000000ed680000)
  from space 32256K, 99% used [0x00000000ed680000,0x00000000ef5ec668,0x00000000ef600000)
  to   space 142848K, 0% used [0x00000000f6580000,0x00000000f6580000,0x00000000ff100000)
 ParOldGen       total 591872K, used 401841K [0x00000000a0000000, 0x00000000c4200000, 0x00000000e0000000)
  object space 591872K, 67% used [0x00000000a0000000,0x00000000b886c788,0x00000000c4200000)
 Metaspace       used 285762K, capacity 297814K, committed 301888K, reserved 1314816K
  class space    used 33742K, capacity 36222K, committed 36968K, reserved 1048576K
GC Heap History (10 events):
Event: 3078.206 GC heap before
{Heap before GC invocations=93 (full 6):
 PSYoungGen      total 362496K, used 299377K [0x00000000e0000000, 0x0000000100000000, 0x0000000100000000)
  eden space 210944K, 100% used [0x00000000e0000000,0x00000000ece00000,0x00000000ece00000)
  from space 151552K, 58% used [0x00000000f6c00000,0x00000000fc25c468,0x0000000100000000)
  to   space 156672K, 0% used [0x00000000ece00000,0x00000000ece00000,0x00000000f6700000)
 ParOldGen       total 591872K, used 321609K [0x00000000a0000000, 0x00000000c4200000, 0x00000000e0000000)
  object space 591872K, 54% used [0x00000000a0000000,0x00000000b3a126c0,0x00000000c4200000)
 Metaspace       used 274932K, capacity 286676K, committed 290880K, reserved 1304576K
  class space    used 32672K, capacity 35111K, committed 35944K, reserved 1048576K
Event: 3078.223 GC heap after
Heap after GC invocations=93 (full 6):
 PSYoungGen      total 367616K, used 16786K [0x00000000e0000000, 0x00000000ffb00000, 0x0000000100000000)
  eden space 210944K, 0% used [0x00000000e0000000,0x00000000e0000000,0x00000000ece00000)
  from space 156672K, 10% used [0x00000000ece00000,0x00000000ede64ba0,0x00000000f6700000)
  to   space 151552K, 0% used [0x00000000f6700000,0x00000000f6700000,0x00000000ffb00000)
 ParOldGen       total 591872K, used 352920K [0x00000000a0000000, 0x00000000c4200000, 0x00000000e0000000)
  object space 591872K, 59% used [0x00000000a0000000,0x00000000b58a6178,0x00000000c4200000)
 Metaspace       used 274932K, capacity 286676K, committed 290880K, reserved 1304576K
  class space    used 32672K, capacity 35111K, committed 35944K, reserved 1048576K
}
Event: 3079.335 GC heap before
{Heap before GC invocations=94 (full 6):
 PSYoungGen      total 367616K, used 227730K [0x00000000e0000000, 0x00000000ffb00000, 0x0000000100000000)
  eden space 210944K, 100% used [0x00000000e0000000,0x00000000ece00000,0x00000000ece00000)
  from space 156672K, 10% used [0x00000000ece00000,0x00000000ede64ba0,0x00000000f6700000)
  to   space 151552K, 0% used [0x00000000f6700000,0x00000000f6700000,0x00000000ffb00000)
 ParOldGen       total 591872K, used 352920K [0x00000000a0000000, 0x00000000c4200000, 0x00000000e0000000)
  object space 591872K, 59% used [0x00000000a0000000,0x00000000b58a6178,0x00000000c4200000)
 Metaspace       used 280078K, capacity 291936K, committed 296256K, reserved 1308672K
  class space    used 33187K, capacity 35643K, committed 36456K, reserved 1048576K
Event: 3079.371 GC heap after
Heap after GC invocations=94 (full 6):
 PSYoungGen      total 366080K, used 78815K [0x00000000e0000000, 0x00000000ffe00000, 0x0000000100000000)
  eden space 214528K, 0% used [0x00000000e0000000,0x00000000e0000000,0x00000000ed180000)
  from space 151552K, 52% used [0x00000000f6700000,0x00000000fb3f7fc0,0x00000000ffb00000)
  to   space 153088K, 0% used [0x00000000ed180000,0x00000000ed180000,0x00000000f6700000)
 ParOldGen       total 591872K, used 369227K [0x00000000a0000000, 0x00000000c4200000, 0x00000000e0000000)
  object space 591872K, 62% used [0x00000000a0000000,0x00000000b6892e58,0x00000000c4200000)
 Metaspace       used 280078K, capacity 291936K, committed 296256K, reserved 1308672K
  class space    used 33187K, capacity 35643K, committed 36456K, reserved 1048576K
}
Event: 3090.072 GC heap before
{Heap before GC invocations=95 (full 6):
 PSYoungGen      total 366080K, used 293343K [0x00000000e0000000, 0x00000000ffe00000, 0x0000000100000000)
  eden space 214528K, 100% used [0x00000000e0000000,0x00000000ed180000,0x00000000ed180000)
  from space 151552K, 52% used [0x00000000f6700000,0x00000000fb3f7fc0,0x00000000ffb00000)
  to   space 153088K, 0% used [0x00000000ed180000,0x00000000ed180000,0x00000000f6700000)
 ParOldGen       total 591872K, used 369227K [0x00000000a0000000, 0x00000000c4200000, 0x00000000e0000000)
  object space 591872K, 62% used [0x00000000a0000000,0x00000000b6892e58,0x00000000c4200000)
 Metaspace       used 280200K, capacity 292138K, committed 296256K, reserved 1308672K
  class space    used 33198K, capacity 35658K, committed 36456K, reserved 1048576K
Event: 3090.082 GC heap after
Heap after GC invocations=95 (full 6):
 PSYoungGen      total 367616K, used 5056K [0x00000000e0000000, 0x00000000ffc80000, 0x0000000100000000)
  eden space 214528K, 0% used [0x00000000e0000000,0x00000000e0000000,0x00000000ed180000)
  from space 153088K, 3% used [0x00000000ed180000,0x00000000ed670000,0x00000000f6700000)
  to   space 150528K, 0% used [0x00000000f6980000,0x00000000f6980000,0x00000000ffc80000)
 ParOldGen       total 591872K, used 375014K [0x00000000a0000000, 0x00000000c4200000, 0x00000000e0000000)
  object space 591872K, 63% used [0x00000000a0000000,0x00000000b6e39a38,0x00000000c4200000)
 Metaspace       used 280200K, capacity 292138K, committed 296256K, reserved 1308672K
  class space    used 33198K, capacity 35658K, committed 36456K, reserved 1048576K
}
Event: 3091.613 GC heap before
{Heap before GC invocations=96 (full 6):
 PSYoungGen      total 367616K, used 219584K [0x00000000e0000000, 0x00000000ffc80000, 0x0000000100000000)
  eden space 214528K, 100% used [0x00000000e0000000,0x00000000ed180000,0x00000000ed180000)
  from space 153088K, 3% used [0x00000000ed180000,0x00000000ed670000,0x00000000f6700000)
  to   space 150528K, 0% used [0x00000000f6980000,0x00000000f6980000,0x00000000ffc80000)
 ParOldGen       total 591872K, used 375014K [0x00000000a0000000, 0x00000000c4200000, 0x00000000e0000000)
  object space 591872K, 63% used [0x00000000a0000000,0x00000000b6e39a38,0x00000000c4200000)
 Metaspace       used 284319K, capacity 296342K, committed 300480K, reserved 1312768K
  class space    used 33656K, capacity 36120K, committed 36840K, reserved 1048576K
Event: 3091.640 GC heap after
Heap after GC invocations=96 (full 6):
 PSYoungGen      total 370176K, used 73796K [0x00000000e0000000, 0x00000000ffd80000, 0x0000000100000000)
  eden space 219648K, 0% used [0x00000000e0000000,0x00000000e0000000,0x00000000ed680000)
  from space 150528K, 49% used [0x00000000f6980000,0x00000000fb1911e8,0x00000000ffc80000)
  to   space 150528K, 0% used [0x00000000ed680000,0x00000000ed680000,0x00000000f6980000)
 ParOldGen       total 591872K, used 379647K [0x00000000a0000000, 0x00000000c4200000, 0x00000000e0000000)
  object space 591872K, 64% used [0x00000000a0000000,0x00000000b72bfea0,0x00000000c4200000)
 Metaspace       used 284319K, capacity 296342K, committed 300480K, reserved 1312768K
  class space    used 33656K, capacity 36120K, committed 36840K, reserved 1048576K
}
Event: 3092.134 GC heap before
{Heap before GC invocations=97 (full 6):
 PSYoungGen      total 370176K, used 293444K [0x00000000e0000000, 0x00000000ffd80000, 0x0000000100000000)
  eden space 219648K, 100% used [0x00000000e0000000,0x00000000ed680000,0x00000000ed680000)
  from space 150528K, 49% used [0x00000000f6980000,0x00000000fb1911e8,0x00000000ffc80000)
  to   space 150528K, 0% used [0x00000000ed680000,0x00000000ed680000,0x00000000f6980000)
 ParOldGen       total 591872K, used 379647K [0x00000000a0000000, 0x00000000c4200000, 0x00000000e0000000)
  object space 591872K, 64% used [0x00000000a0000000,0x00000000b72bfea0,0x00000000c4200000)
 Metaspace       used 285376K, capacity 297398K, committed 301376K, reserved 1314816K
  class space    used 33713K, capacity 36190K, committed 36968K, reserved 1048576K
Event: 3092.154 GC heap after
Heap after GC invocations=97 (full 6):
 PSYoungGen      total 251904K, used 32177K [0x00000000e0000000, 0x00000000ff100000, 0x0000000100000000)
  eden space 219648K, 0% used [0x00000000e0000000,0x00000000e0000000,0x00000000ed680000)
  from space 32256K, 99% used [0x00000000ed680000,0x00000000ef5ec668,0x00000000ef600000)
  to   space 142848K, 0% used [0x00000000f6580000,0x00000000f6580000,0x00000000ff100000)
 ParOldGen       total 591872K, used 401841K [0x00000000a0000000, 0x00000000c4200000, 0x00000000e0000000)
  object space 591872K, 67% used [0x00000000a0000000,0x00000000b886c788,0x00000000c4200000)
 Metaspace       used 285376K, capacity 297398K, committed 301376K, reserved 1314816K
  class space    used 33713K, capacity 36190K, committed 36968K, reserved 1048576K
}

